<?xml version="1.0" encoding="utf-8"?>
<coverage line-rate="0.7582" branch-rate="0.8125" version="1.9" timestamp="1600337383" lines-covered="69" lines-valid="91" branches-covered="13" branches-valid="16">
  <sources>
    <source>C:\Users\HP\Desktop\Git_CaseStudy_Final\review-case-s22b7\Sender\Sender\</source>
  </sources>
  <packages>
    <package name="Sender" line-rate="0.7582" branch-rate="0.8125" complexity="20">
      <classes>
        <class name="Sender.CsvFileReader" filename="CsvFileReader.cs" line-rate="0.35" branch-rate="0.25" complexity="4">
          <methods>
            <method name="ReadCsvFile" signature="(System.String)" line-rate="0.35" branch-rate="0.25">
              <lines>
                <line number="9" hits="1" branch="False" />
                <line number="10" hits="1" branch="False" />
                <line number="11" hits="1" branch="False" />
                <line number="12" hits="1" branch="True" condition-coverage="50% (1/2)">
                  <conditions>
                    <condition number="13" type="jump" coverage="50%" />
                  </conditions>
                </line>
                <line number="13" hits="0" branch="False" />
                <line number="14" hits="0" branch="False" />
                <line number="15" hits="0" branch="False" />
                <line number="16" hits="0" branch="True" condition-coverage="0% (0/2)">
                  <conditions>
                    <condition number="48" type="jump" coverage="0%" />
                  </conditions>
                </line>
                <line number="17" hits="0" branch="False" />
                <line number="18" hits="0" branch="False" />
                <line number="19" hits="0" branch="False" />
                <line number="21" hits="0" branch="False" />
                <line number="22" hits="0" branch="False" />
                <line number="23" hits="0" branch="False" />
                <line number="24" hits="0" branch="False" />
                <line number="25" hits="0" branch="False" />
                <line number="26" hits="0" branch="False" />
                <line number="29" hits="1" branch="False" />
                <line number="30" hits="1" branch="False" />
                <line number="33" hits="1" branch="False" />
              </lines>
            </method>
          </methods>
          <lines>
            <line number="9" hits="1" branch="False" />
            <line number="10" hits="1" branch="False" />
            <line number="11" hits="1" branch="False" />
            <line number="12" hits="1" branch="True" condition-coverage="50% (1/2)">
              <conditions>
                <condition number="13" type="jump" coverage="50%" />
              </conditions>
            </line>
            <line number="13" hits="0" branch="False" />
            <line number="14" hits="0" branch="False" />
            <line number="15" hits="0" branch="False" />
            <line number="16" hits="0" branch="True" condition-coverage="0% (0/2)">
              <conditions>
                <condition number="48" type="jump" coverage="0%" />
              </conditions>
            </line>
            <line number="17" hits="0" branch="False" />
            <line number="18" hits="0" branch="False" />
            <line number="19" hits="0" branch="False" />
            <line number="21" hits="0" branch="False" />
            <line number="22" hits="0" branch="False" />
            <line number="23" hits="0" branch="False" />
            <line number="24" hits="0" branch="False" />
            <line number="25" hits="0" branch="False" />
            <line number="26" hits="0" branch="False" />
            <line number="29" hits="1" branch="False" />
            <line number="30" hits="1" branch="False" />
            <line number="33" hits="1" branch="False" />
          </lines>
        </class>
        <class name="Sender.PathExistance" filename="PathExistance.cs" line-rate="1" branch-rate="1" complexity="2">
          <methods>
            <method name="CheckPathExistOrNot" signature="(System.String)" line-rate="1" branch-rate="1">
              <lines>
                <line number="9" hits="4" branch="False" />
                <line number="10" hits="4" branch="True" condition-coverage="100% (2/2)">
                  <conditions>
                    <condition number="9" type="jump" coverage="100%" />
                  </conditions>
                </line>
                <line number="11" hits="2" branch="False" />
                <line number="12" hits="2" branch="False" />
                <line number="15" hits="2" branch="False" />
                <line number="16" hits="2" branch="False" />
                <line number="17" hits="2" branch="False" />
                <line number="19" hits="4" branch="False" />
              </lines>
            </method>
          </methods>
          <lines>
            <line number="9" hits="4" branch="False" />
            <line number="10" hits="4" branch="True" condition-coverage="100% (2/2)">
              <conditions>
                <condition number="9" type="jump" coverage="100%" />
              </conditions>
            </line>
            <line number="11" hits="2" branch="False" />
            <line number="12" hits="2" branch="False" />
            <line number="15" hits="2" branch="False" />
            <line number="16" hits="2" branch="False" />
            <line number="17" hits="2" branch="False" />
            <line number="19" hits="4" branch="False" />
          </lines>
        </class>
        <class name="Sender.Column_Number" filename="Column_Number.cs" line-rate="0" branch-rate="1" complexity="1">
          <methods>
            <method name="TakeColumnNumberForColumnFilter" signature="(System.String)" line-rate="0" branch-rate="1">
              <lines>
                <line number="9" hits="0" branch="False" />
                <line number="10" hits="0" branch="False" />
                <line number="11" hits="0" branch="False" />
                <line number="12" hits="0" branch="False" />
                <line number="13" hits="0" branch="False" />
              </lines>
            </method>
          </methods>
          <lines>
            <line number="9" hits="0" branch="False" />
            <line number="10" hits="0" branch="False" />
            <line number="11" hits="0" branch="False" />
            <line number="12" hits="0" branch="False" />
            <line number="13" hits="0" branch="False" />
          </lines>
        </class>
        <class name="Sender.SeriesOfWords" filename="SeriesOfWords.cs" line-rate="1" branch-rate="1" complexity="1">
          <methods>
            <method name="ConvertCommentsToSeriesOfWords" signature="(System.String,System.String)" line-rate="1" branch-rate="1">
              <lines>
                <line number="9" hits="1" branch="False" />
                <line number="11" hits="1" branch="False" />
                <line number="12" hits="1" branch="False" />
                <line number="13" hits="1" branch="False" />
                <line number="14" hits="1" branch="False" />
                <line number="15" hits="1" branch="False" />
              </lines>
            </method>
          </methods>
          <lines>
            <line number="9" hits="1" branch="False" />
            <line number="11" hits="1" branch="False" />
            <line number="12" hits="1" branch="False" />
            <line number="13" hits="1" branch="False" />
            <line number="14" hits="1" branch="False" />
            <line number="15" hits="1" branch="False" />
          </lines>
        </class>
        <class name="Sender.LineLoop" filename="SeriesOfWords.cs" line-rate="1" branch-rate="1" complexity="2">
          <methods>
            <method name="ApplyLineLoop" signature="(System.String[],System.Int32)" line-rate="1" branch-rate="1">
              <lines>
                <line number="21" hits="2" branch="False" />
                <line number="22" hits="6018" branch="True" condition-coverage="100% (2/2)">
                  <conditions>
                    <condition number="81" type="jump" coverage="100%" />
                  </conditions>
                </line>
                <line number="23" hits="3007" branch="False" />
                <line number="24" hits="3007" branch="False" />
                <line number="25" hits="3007" branch="False" />
                <line number="26" hits="3007" branch="False" />
                <line number="28" hits="3007" branch="False" />
                <line number="29" hits="3007" branch="False" />
                <line number="30" hits="3007" branch="False" />
                <line number="31" hits="3007" branch="False" />
                <line number="32" hits="3007" branch="False" />
                <line number="33" hits="2" branch="False" />
                <line number="34" hits="2" branch="False" />
                <line number="35" hits="2" branch="False" />
              </lines>
            </method>
          </methods>
          <lines>
            <line number="21" hits="2" branch="False" />
            <line number="22" hits="6018" branch="True" condition-coverage="100% (2/2)">
              <conditions>
                <condition number="81" type="jump" coverage="100%" />
              </conditions>
            </line>
            <line number="23" hits="3007" branch="False" />
            <line number="24" hits="3007" branch="False" />
            <line number="25" hits="3007" branch="False" />
            <line number="26" hits="3007" branch="False" />
            <line number="28" hits="3007" branch="False" />
            <line number="29" hits="3007" branch="False" />
            <line number="30" hits="3007" branch="False" />
            <line number="31" hits="3007" branch="False" />
            <line number="32" hits="3007" branch="False" />
            <line number="33" hits="2" branch="False" />
            <line number="34" hits="2" branch="False" />
            <line number="35" hits="2" branch="False" />
          </lines>
        </class>
        <class name="Sender.StartStopColumnNumbers" filename="StartStopColumnNumbers.cs" line-rate="1" branch-rate="1" complexity="4">
          <methods>
            <method name="ReturnStartAndStopColumnNumbers" signature="(System.Int32,System.Int32)" line-rate="1" branch-rate="1">
              <lines>
                <line number="12" hits="3010" branch="False" />
                <line number="13" hits="3010" branch="False" />
                <line number="14" hits="3010" branch="True" condition-coverage="100% (2/2)">
                  <conditions>
                    <condition number="14" type="jump" coverage="100%" />
                  </conditions>
                </line>
                <line number="15" hits="2" branch="False" />
                <line number="16" hits="2" branch="False" />
                <line number="17" hits="2" branch="False" />
                <line number="18" hits="2" branch="False" />
                <line number="20" hits="3008" branch="True" condition-coverage="100% (2/2)">
                  <conditions>
                    <condition number="35" type="jump" coverage="100%" />
                  </conditions>
                </line>
                <line number="21" hits="3007" branch="False" />
                <line number="22" hits="3007" branch="False" />
                <line number="23" hits="3007" branch="False" />
                <line number="24" hits="3007" branch="False" />
                <line number="27" hits="1" branch="False" />
                <line number="28" hits="1" branch="False" />
                <line number="29" hits="1" branch="False" />
                <line number="30" hits="1" branch="False" />
                <line number="32" hits="3010" branch="False" />
              </lines>
            </method>
          </methods>
          <lines>
            <line number="12" hits="3010" branch="False" />
            <line number="13" hits="3010" branch="False" />
            <line number="14" hits="3010" branch="True" condition-coverage="100% (2/2)">
              <conditions>
                <condition number="14" type="jump" coverage="100%" />
              </conditions>
            </line>
            <line number="15" hits="2" branch="False" />
            <line number="16" hits="2" branch="False" />
            <line number="17" hits="2" branch="False" />
            <line number="18" hits="2" branch="False" />
            <line number="20" hits="3008" branch="True" condition-coverage="100% (2/2)">
              <conditions>
                <condition number="35" type="jump" coverage="100%" />
              </conditions>
            </line>
            <line number="21" hits="3007" branch="False" />
            <line number="22" hits="3007" branch="False" />
            <line number="23" hits="3007" branch="False" />
            <line number="24" hits="3007" branch="False" />
            <line number="27" hits="1" branch="False" />
            <line number="28" hits="1" branch="False" />
            <line number="29" hits="1" branch="False" />
            <line number="30" hits="1" branch="False" />
            <line number="32" hits="3010" branch="False" />
          </lines>
        </class>
        <class name="Sender.Column_Filter" filename="Column_Filter.cs" line-rate="1" branch-rate="1" complexity="4">
          <methods>
            <method name="ApplyColumnFilter" signature="(System.String,System.Int32,System.Int32)" line-rate="1" branch-rate="1">
              <lines>
                <line number="12" hits="3008" branch="False" />
                <line number="13" hits="3008" branch="False" />
                <line number="14" hits="12032" branch="True" condition-coverage="100% (2/2)">
                  <conditions>
                    <condition number="88" type="jump" coverage="100%" />
                  </conditions>
                </line>
                <line number="15" hits="3008" branch="False" />
                <line number="16" hits="3008" branch="False" />
                <line number="18" hits="3008" branch="False" />
                <line number="19" hits="22206" branch="True" condition-coverage="100% (2/2)">
                  <conditions>
                    <condition number="73" type="jump" coverage="100%" />
                  </conditions>
                </line>
                <line number="20" hits="6591" branch="False" />
                <line number="21" hits="6591" branch="False" />
                <line number="23" hits="6591" branch="False" />
                <line number="25" hits="3008" branch="False" />
                <line number="26" hits="3008" branch="False" />
                <line number="28" hits="3008" branch="False" />
              </lines>
            </method>
          </methods>
          <lines>
            <line number="12" hits="3008" branch="False" />
            <line number="13" hits="3008" branch="False" />
            <line number="14" hits="12032" branch="True" condition-coverage="100% (2/2)">
              <conditions>
                <condition number="88" type="jump" coverage="100%" />
              </conditions>
            </line>
            <line number="15" hits="3008" branch="False" />
            <line number="16" hits="3008" branch="False" />
            <line number="18" hits="3008" branch="False" />
            <line number="19" hits="22206" branch="True" condition-coverage="100% (2/2)">
              <conditions>
                <condition number="73" type="jump" coverage="100%" />
              </conditions>
            </line>
            <line number="20" hits="6591" branch="False" />
            <line number="21" hits="6591" branch="False" />
            <line number="23" hits="6591" branch="False" />
            <line number="25" hits="3008" branch="False" />
            <line number="26" hits="3008" branch="False" />
            <line number="28" hits="3008" branch="False" />
          </lines>
        </class>
        <class name="Sender.ConvertLineToSeriesOfWords" filename="Column_Filter.cs" line-rate="1" branch-rate="1" complexity="1">
          <methods>
            <method name="ConvertLine_ToSeriesOfWords" signature="(System.String)" line-rate="1" branch-rate="1">
              <lines>
                <line number="34" hits="3009" branch="False" />
                <line number="35" hits="3009" branch="False" />
                <line number="36" hits="3009" branch="False" />
                <line number="37" hits="3009" branch="False" />
              </lines>
            </method>
          </methods>
          <lines>
            <line number="34" hits="3009" branch="False" />
            <line number="35" hits="3009" branch="False" />
            <line number="36" hits="3009" branch="False" />
            <line number="37" hits="3009" branch="False" />
          </lines>
        </class>
        <class name="Sender.Sender" filename="Sender.cs" line-rate="0" branch-rate="1" complexity="1">
          <methods>
            <method name="Main" signature="(System.String[])" line-rate="0" branch-rate="1">
              <lines>
                <line number="9" hits="0" branch="False" />
                <line number="12" hits="0" branch="False" />
                <line number="13" hits="0" branch="False" />
                <line number="14" hits="0" branch="False" />
              </lines>
            </method>
          </methods>
          <lines>
            <line number="9" hits="0" branch="False" />
            <line number="12" hits="0" branch="False" />
            <line number="13" hits="0" branch="False" />
            <line number="14" hits="0" branch="False" />
          </lines>
        </class>
      </classes>
    </package>
  </packages>
</coverage>